0 info it worked if it ends with ok
1 verbose cli [ '/usr/bin/nodejs', '/usr/bin/npm', 'install', 'gitignore', '-g' ]
2 info using npm@3.10.10
3 info using node@v6.10.0
4 silly loadCurrentTree Starting
5 silly install loadCurrentTree
6 silly install readGlobalPackageData
7 silly fetchPackageMetaData gitignore
8 silly fetchNamedPackageData gitignore
9 silly mapToRegistry name gitignore
10 silly mapToRegistry using default registry
11 silly mapToRegistry registry https://registry.npmjs.org/
12 silly mapToRegistry data Result {
12 silly mapToRegistry   raw: 'gitignore',
12 silly mapToRegistry   scope: null,
12 silly mapToRegistry   escapedName: 'gitignore',
12 silly mapToRegistry   name: 'gitignore',
12 silly mapToRegistry   rawSpec: '',
12 silly mapToRegistry   spec: 'latest',
12 silly mapToRegistry   type: 'tag' }
13 silly mapToRegistry uri https://registry.npmjs.org/gitignore
14 verbose request uri https://registry.npmjs.org/gitignore
15 verbose request no auth needed
16 info attempt registry request try #1 at 5:17:03 PM
17 verbose request id d03820f973d03d9b
18 http request GET https://registry.npmjs.org/gitignore
19 http 200 https://registry.npmjs.org/gitignore
20 verbose headers { server: 'nginx/1.10.1',
20 verbose headers   'content-type': 'application/json',
20 verbose headers   'last-modified': 'Sun, 05 Mar 2017 07:06:55 GMT',
20 verbose headers   etag: 'W/"58bbb90f-38a1"',
20 verbose headers   'content-encoding': 'gzip',
20 verbose headers   'cache-control': 'max-age=300',
20 verbose headers   'content-length': '2511',
20 verbose headers   'accept-ranges': 'bytes',
20 verbose headers   date: 'Mon, 06 Mar 2017 22:17:08 GMT',
20 verbose headers   via: '1.1 varnish',
20 verbose headers   age: '0',
20 verbose headers   connection: 'keep-alive',
20 verbose headers   'x-served-by': 'cache-jfk8126-JFK',
20 verbose headers   'x-cache': 'MISS',
20 verbose headers   'x-cache-hits': '0',
20 verbose headers   'x-timer': 'S1488838628.924704,VS0,VE16',
20 verbose headers   vary: 'Accept-Encoding' }
21 silly get cb [ 200,
21 silly get   { server: 'nginx/1.10.1',
21 silly get     'content-type': 'application/json',
21 silly get     'last-modified': 'Sun, 05 Mar 2017 07:06:55 GMT',
21 silly get     etag: 'W/"58bbb90f-38a1"',
21 silly get     'content-encoding': 'gzip',
21 silly get     'cache-control': 'max-age=300',
21 silly get     'content-length': '2511',
21 silly get     'accept-ranges': 'bytes',
21 silly get     date: 'Mon, 06 Mar 2017 22:17:08 GMT',
21 silly get     via: '1.1 varnish',
21 silly get     age: '0',
21 silly get     connection: 'keep-alive',
21 silly get     'x-served-by': 'cache-jfk8126-JFK',
21 silly get     'x-cache': 'MISS',
21 silly get     'x-cache-hits': '0',
21 silly get     'x-timer': 'S1488838628.924704,VS0,VE16',
21 silly get     vary: 'Accept-Encoding' } ]
22 verbose get saving gitignore to /home/shane/.npm/registry.npmjs.org/gitignore/.cache.json
23 verbose correctMkdir /home/shane/.npm correctMkdir not in flight; initializing
24 silly install normalizeTree
25 silly loadCurrentTree Finishing
26 silly loadIdealTree Starting
27 silly install loadIdealTree
28 silly cloneCurrentTree Starting
29 silly install cloneCurrentTreeToIdealTree
30 silly cloneCurrentTree Finishing
31 silly loadShrinkwrap Starting
32 silly install loadShrinkwrap
33 silly loadShrinkwrap Finishing
34 silly loadAllDepsIntoIdealTree Starting
35 silly install loadAllDepsIntoIdealTree
36 silly resolveWithNewModule gitignore@0.6.0 checking installable status
37 silly cache add args [ 'gitignore', null ]
38 verbose cache add spec gitignore
39 silly cache add parsed spec Result {
39 silly cache add   raw: 'gitignore',
39 silly cache add   scope: null,
39 silly cache add   escapedName: 'gitignore',
39 silly cache add   name: 'gitignore',
39 silly cache add   rawSpec: '',
39 silly cache add   spec: 'latest',
39 silly cache add   type: 'tag' }
40 silly addNamed gitignore@latest
41 verbose addNamed "latest" is being treated as a dist-tag for gitignore
42 info addNameTag [ 'gitignore', 'latest' ]
43 silly mapToRegistry name gitignore
44 silly mapToRegistry using default registry
45 silly mapToRegistry registry https://registry.npmjs.org/
46 silly mapToRegistry data Result {
46 silly mapToRegistry   raw: 'gitignore',
46 silly mapToRegistry   scope: null,
46 silly mapToRegistry   escapedName: 'gitignore',
46 silly mapToRegistry   name: 'gitignore',
46 silly mapToRegistry   rawSpec: '',
46 silly mapToRegistry   spec: 'latest',
46 silly mapToRegistry   type: 'tag' }
47 silly mapToRegistry uri https://registry.npmjs.org/gitignore
48 verbose addNameTag registry:https://registry.npmjs.org/gitignore not in flight; fetching
49 verbose get https://registry.npmjs.org/gitignore not expired, no request
50 silly addNameTag next cb for gitignore with tag latest
51 silly addNamed gitignore@0.6.0
52 verbose addNamed "0.6.0" is a plain semver version for gitignore
53 silly mapToRegistry name gitignore
54 silly mapToRegistry using default registry
55 silly mapToRegistry registry https://registry.npmjs.org/
56 silly mapToRegistry data Result {
56 silly mapToRegistry   raw: 'gitignore',
56 silly mapToRegistry   scope: null,
56 silly mapToRegistry   escapedName: 'gitignore',
56 silly mapToRegistry   name: 'gitignore',
56 silly mapToRegistry   rawSpec: '',
56 silly mapToRegistry   spec: 'latest',
56 silly mapToRegistry   type: 'tag' }
57 silly mapToRegistry uri https://registry.npmjs.org/gitignore
58 verbose addRemoteTarball https://registry.npmjs.org/gitignore/-/gitignore-0.6.0.tgz not in flight; adding
59 verbose addRemoteTarball [ 'https://registry.npmjs.org/gitignore/-/gitignore-0.6.0.tgz',
59 verbose addRemoteTarball   '8518e39d1e12f896eb0971e0f8c982e616ed765e' ]
60 info retry fetch attempt 1 at 5:17:09 PM
61 info attempt registry request try #1 at 5:17:09 PM
62 http fetch GET https://registry.npmjs.org/gitignore/-/gitignore-0.6.0.tgz
63 http fetch 200 https://registry.npmjs.org/gitignore/-/gitignore-0.6.0.tgz
64 silly fetchAndShaCheck shasum 8518e39d1e12f896eb0971e0f8c982e616ed765e
65 verbose addTmpTarball /tmp/npm-22136-9954d834/registry.npmjs.org/gitignore/-/gitignore-0.6.0.tgz not in flight; adding
66 verbose addTmpTarball already have metadata; skipping unpack for gitignore@0.6.0
67 verbose correctMkdir /home/shane/.npm correctMkdir not in flight; initializing
68 silly cache afterAdd gitignore@0.6.0
69 verbose afterAdd /home/shane/.npm/gitignore/0.6.0/package/package.json not in flight; writing
70 verbose correctMkdir /home/shane/.npm correctMkdir not in flight; initializing
71 verbose afterAdd /home/shane/.npm/gitignore/0.6.0/package/package.json written
72 silly loadAllDepsIntoIdealTree Finishing
73 silly loadIdealTree Finishing
74 silly currentTree lib
75 silly idealTree lib
75 silly idealTree └── gitignore@0.6.0
76 silly generateActionsToTake Starting
77 silly install generateActionsToTake
78 warn checkPermissions Missing write access to /usr/lib/node_modules
79 silly rollbackFailedOptional Starting
80 silly rollbackFailedOptional Finishing
81 silly runTopLevelLifecycles Finishing
82 silly install printInstalled
83 verbose stack Error: EACCES: permission denied, access '/usr/lib/node_modules'
83 verbose stack     at Error (native)
84 verbose cwd /home/shane/projects/google-homepage
85 error Linux 4.8.0-39-generic
86 error argv "/usr/bin/nodejs" "/usr/bin/npm" "install" "gitignore" "-g"
87 error node v6.10.0
88 error npm  v3.10.10
89 error path /usr/lib/node_modules
90 error code EACCES
91 error errno -13
92 error syscall access
93 error Error: EACCES: permission denied, access '/usr/lib/node_modules'
93 error     at Error (native)
93 error  { Error: EACCES: permission denied, access '/usr/lib/node_modules'
93 error     at Error (native)
93 error   errno: -13,
93 error   code: 'EACCES',
93 error   syscall: 'access',
93 error   path: '/usr/lib/node_modules' }
94 error Please try running this command again as root/Administrator.
95 verbose exit [ -13, true ]
